<?xml version="1.0" encoding="UTF-8"?>
<!-- Generated by org.testng.reporters.JUnitReportReporter -->
<testsuite hostname="DM" failures="0" tests="3" name="dropdown.DropdownTests" time="2.572" errors="0" timestamp="2021-11-07T17:07:12 EET" skipped="0">
  <testcase classname="dropdown.DropdownTests" name="testFirstSelectedOption" time="0.770"/>
  <system-out/>
  <testcase classname="dropdown.DropdownTests" name="testAllOptions" time="1.141"/>
  <system-out/>
  <testcase classname="dropdown.DropdownTests" name="testSelectedOption" time="0.661"/>
  <system-out/>
</testsuite> <!-- dropdown.DropdownTests -->
