<?xml version="1.0" encoding="UTF-8"?>
<!-- Generated by org.testng.reporters.JUnitReportReporter -->
<testsuite hostname="DM" failures="0" tests="1" name="keyPress.HorizontalTests" time="5.576" errors="0" timestamp="2021-10-22T18:07:40 EET" skipped="0">
  <testcase classname="keyPress.HorizontalTests" name="testSuccessfullMoveOnSlider" time="5.576"/>
  <system-out/>
</testsuite> <!-- keyPress.HorizontalTests -->
