<?xml version="1.0" encoding="UTF-8"?>
<!-- Generated by org.testng.reporters.JUnitReportReporter -->
<testsuite hostname="DM" failures="0" tests="1" name="keyPress.KeyPressTests" time="8.166" errors="0" timestamp="2021-10-22T16:26:55 EET" skipped="0">
  <testcase classname="keyPress.KeyPressTests" name="testPi" time="8.166"/>
  <system-out/>
</testsuite> <!-- keyPress.KeyPressTests -->
