<?xml version="1.0" encoding="UTF-8"?>
<!-- Generated by org.testng.reporters.JUnitReportReporter -->
<testsuite hostname="DM" failures="0" tests="4" name="login.LoginTests" time="4.786" errors="0" timestamp="2021-11-07T17:07:12 EET" skipped="0">
  <testcase classname="login.LoginTests" name="testCantLoginWithoutUserNameAndPassword" time="1.046"/>
  <system-out/>
  <testcase classname="login.LoginTests" name="testCantLoginWithWrogUsername" time="1.540"/>
  <system-out/>
  <testcase classname="login.LoginTests" name="testSuccessfulLogin" time="1.128"/>
  <system-out/>
  <testcase classname="login.LoginTests" name="testCantLoginWithWrongPassword" time="1.072"/>
  <system-out/>
</testsuite> <!-- login.LoginTests -->
