<?xml version="1.0" encoding="UTF-8"?>
<!-- Generated by org.testng.reporters.JUnitReportReporter -->
<testsuite hostname="DM" failures="0" tests="5" name="alerts.JSAlertTests" time="2.732" errors="0" timestamp="2021-11-07T17:07:12 EET" skipped="0">
  <testcase classname="alerts.JSAlertTests" name="testAcceptAlert" time="0.564"/>
  <system-out/>
  <testcase classname="alerts.JSAlertTests" name="testCancelConfirmAlert" time="0.535"/>
  <system-out/>
  <testcase classname="alerts.JSAlertTests" name="testtyppingInPromptAndOK" time="0.539"/>
  <system-out/>
  <testcase classname="alerts.JSAlertTests" name="testOKConfirmAlert" time="0.573"/>
  <system-out/>
  <testcase classname="alerts.JSAlertTests" name="testtyppingInPromptAndCancel" time="0.521"/>
  <system-out/>
</testsuite> <!-- alerts.JSAlertTests -->
