<?xml version="1.0" encoding="UTF-8"?>
<!-- Generated by org.testng.reporters.JUnitReportReporter -->
<testsuite hostname="EGDM1-Amounir" failures="0" tests="2" name="waits.DynamicLoadingAndWaitTests" time="12.065" errors="0" timestamp="2021-11-07T17:54:21 GMT+02:00" skipped="0">
  <testcase classname="waits.DynamicLoadingAndWaitTests" name="testDynamicLoadingExample1" time="6.149"/>
  <system-out/>
  <testcase classname="waits.DynamicLoadingAndWaitTests" name="testDynamicLoadingExample2" time="5.916"/>
  <system-out/>
</testsuite> <!-- waits.DynamicLoadingAndWaitTests -->
