<?xml version="1.0" encoding="UTF-8"?>
<!-- Generated by org.testng.reporters.JUnitReportReporter -->
<testsuite hostname="EGDM1-Amounir" failures="0" tests="3" name="navigation.NavigationTest" time="11.483" errors="0" timestamp="2021-11-07T17:54:21 GMT+02:00" skipped="0">
  <testcase classname="navigation.NavigationTest" name="testRightClickToOpenNewTab" time="1.133"/>
  <system-out/>
  <testcase classname="navigation.NavigationTest" name="testNavigation" time="9.562"/>
  <system-out/>
  <testcase classname="navigation.NavigationTest" name="testWitchToTabs" time="0.788"/>
  <system-out/>
</testsuite> <!-- navigation.NavigationTest -->
