<?xml version="1.0" encoding="UTF-8"?>
<!-- Generated by org.testng.reporters.JUnitReportReporter -->
<testsuite hostname="DM" failures="0" tests="3" name="navigation.NavigationTest" time="4.633" errors="0" timestamp="2021-11-07T17:07:12 EET" skipped="0">
  <testcase classname="navigation.NavigationTest" name="testWitchToTabs" time="0.974"/>
  <system-out/>
  <testcase classname="navigation.NavigationTest" name="testNavigation" time="2.689"/>
  <system-out/>
  <testcase classname="navigation.NavigationTest" name="testRightClickToOpenNewTab" time="0.970"/>
  <system-out/>
</testsuite> <!-- navigation.NavigationTest -->
