<?xml version="1.0" encoding="UTF-8"?>
<!-- Generated by org.testng.reporters.JUnitReportReporter -->
<testsuite hostname="DM" failures="0" tests="5" name="alerts.JSAlertTests" time="2.926" errors="0" timestamp="2021-10-24T21:06:18 EET" skipped="0">
  <testcase classname="alerts.JSAlertTests" name="testCancelConfirmAlert" time="0.560"/>
  <system-out/>
  <testcase classname="alerts.JSAlertTests" name="testOKConfirmAlert" time="0.608"/>
  <system-out/>
  <testcase classname="alerts.JSAlertTests" name="testAcceptAlert" time="0.593"/>
  <system-out/>
  <testcase classname="alerts.JSAlertTests" name="testtyppingInPromptAndCancel" time="0.593"/>
  <system-out/>
  <testcase classname="alerts.JSAlertTests" name="testtyppingInPromptAndOK" time="0.572"/>
  <system-out/>
</testsuite> <!-- alerts.JSAlertTests -->
