<?xml version="1.0" encoding="UTF-8"?>
<!-- Generated by org.testng.reporters.JUnitReportReporter -->
<testsuite hostname="DM" failures="0" tests="1" name="alerts.EntryAdTests" time="0.523" errors="0" timestamp="2021-10-25T18:25:23 EET" skipped="0">
  <testcase classname="alerts.EntryAdTests" name="testClickOnClose" time="0.523"/>
  <system-out/>
</testsuite> <!-- alerts.EntryAdTests -->
