<?xml version="1.0" encoding="UTF-8"?>
<!-- Generated by org.testng.reporters.JUnitReportReporter -->
<testsuite hostname="EGDM1-Amounir" failures="0" tests="2" name="keyPress.KeyPressTests" time="1.216" errors="0" timestamp="2021-11-07T17:54:21 GMT+02:00" skipped="0">
  <testcase classname="keyPress.KeyPressTests" name="testPi" time="0.581"/>
  <system-out/>
  <testcase classname="keyPress.KeyPressTests" name="testBackSpace" time="0.635"/>
  <system-out/>
</testsuite> <!-- keyPress.KeyPressTests -->
