<?xml version="1.0" encoding="UTF-8"?>
<!-- Generated by org.testng.reporters.JUnitReportReporter -->
<testsuite hostname="EGDM1-Amounir" failures="0" tests="5" name="alerts.JSAlertTests" time="2.872" errors="0" timestamp="2021-11-07T17:54:21 GMT+02:00" skipped="0">
  <testcase classname="alerts.JSAlertTests" name="testCancelConfirmAlert" time="0.540"/>
  <system-out/>
  <testcase classname="alerts.JSAlertTests" name="testtyppingInPromptAndOK" time="0.580"/>
  <system-out/>
  <testcase classname="alerts.JSAlertTests" name="testOKConfirmAlert" time="0.550"/>
  <system-out/>
  <testcase classname="alerts.JSAlertTests" name="testAcceptAlert" time="0.639"/>
  <system-out/>
  <testcase classname="alerts.JSAlertTests" name="testtyppingInPromptAndCancel" time="0.563"/>
  <system-out/>
</testsuite> <!-- alerts.JSAlertTests -->
