<?xml version="1.0" encoding="UTF-8"?>
<!-- Generated by org.testng.reporters.JUnitReportReporter -->
<testsuite hostname="DM" failures="0" tests="2" name="waits.DynamicLoadingAndWaitTests" time="12.111" errors="0" timestamp="2021-11-07T17:07:12 EET" skipped="0">
  <testcase classname="waits.DynamicLoadingAndWaitTests" name="testDynamicLoadingExample1" time="6.185"/>
  <system-out/>
  <testcase classname="waits.DynamicLoadingAndWaitTests" name="testDynamicLoadingExample2" time="5.926"/>
  <system-out/>
</testsuite> <!-- waits.DynamicLoadingAndWaitTests -->
