<?xml version="1.0" encoding="UTF-8"?>
<!-- Generated by org.testng.reporters.JUnitReportReporter -->
<testsuite hostname="DM" failures="0" tests="1" name="alerts.EntryAdTests" time="0.807" errors="0" timestamp="2021-11-07T17:07:12 EET" skipped="0">
  <testcase classname="alerts.EntryAdTests" name="testClickOnClose" time="0.807"/>
  <system-out/>
</testsuite> <!-- alerts.EntryAdTests -->
