<?xml version="1.0" encoding="UTF-8"?>
<!-- Generated by org.testng.reporters.JUnitReportReporter -->
<testsuite hostname="DM" failures="0" tests="1" name="alerts.ContextMenuTests" time="0.753" errors="0" timestamp="2021-10-26T22:53:21 EET" skipped="0">
  <testcase classname="alerts.ContextMenuTests" name="testRightClick" time="0.753"/>
  <system-out/>
</testsuite> <!-- alerts.ContextMenuTests -->
