<?xml version="1.0" encoding="UTF-8"?>
<!-- Generated by org.testng.reporters.JUnitReportReporter -->
<testsuite hostname="EGDM1-Amounir" failures="0" tests="3" name="hovers.HoversTests" time="3.210" errors="0" timestamp="2021-11-07T17:54:21 GMT+02:00" skipped="0">
  <testcase classname="hovers.HoversTests" name="testHoverUser1" time="1.654"/>
  <system-out/>
  <testcase classname="hovers.HoversTests" name="testHoverUser2" time="0.809"/>
  <system-out/>
  <testcase classname="hovers.HoversTests" name="testHoverUser3" time="0.747"/>
  <system-out/>
</testsuite> <!-- hovers.HoversTests -->
