<?xml version="1.0" encoding="UTF-8"?>
<!-- Generated by org.testng.reporters.JUnitReportReporter -->
<testsuite hostname="DM" failures="0" tests="1" name="base.BaseTest" time="4.775" errors="0" timestamp="2021-10-04T13:35:21 EET" skipped="0">
  <testcase classname="base.BaseTest" name="setup" time="4.775"/>
  <system-out/>
</testsuite> <!-- base.BaseTest -->
