<?xml version="1.0" encoding="UTF-8"?>
<!-- Generated by org.testng.reporters.JUnitReportReporter -->
<testsuite hostname="EGDM1-Amounir" failures="0" tests="1" name="frames.FramesTests" time="8.547" errors="0" timestamp="2021-11-07T17:54:21 GMT+02:00" skipped="0">
  <testcase classname="frames.FramesTests" name="TestTextAreaEditor" time="8.547"/>
  <system-out/>
</testsuite> <!-- frames.FramesTests -->
