<?xml version="1.0" encoding="UTF-8"?>
<!-- Generated by org.testng.reporters.JUnitReportReporter -->
<testsuite hostname="DM" failures="0" tests="1" name="waits.ExWaitTests" time="5.887" errors="0" timestamp="2021-10-30T19:10:12 EET" skipped="0">
  <testcase classname="waits.ExWaitTests" name="testDynamicLoadingExample2" time="5.887"/>
  <system-out/>
</testsuite> <!-- waits.ExWaitTests -->
