<?xml version="1.0" encoding="UTF-8"?>
<!-- Generated by org.testng.reporters.JUnitReportReporter -->
<testsuite hostname="DM" failures="0" tests="1" name="navigation.NavigationTest" time="1.403" errors="0" timestamp="2021-11-01T16:48:06 EET" skipped="0">
  <testcase classname="navigation.NavigationTest" name="testRightClickToOpenNewTab" time="1.403"/>
  <system-out/>
</testsuite> <!-- navigation.NavigationTest -->
