<?xml version="1.0" encoding="UTF-8"?>
<!-- Generated by org.testng.reporters.JUnitReportReporter -->
<testsuite hostname="DM" failures="0" tests="3" name="hovers.HoversTests" time="2.726" errors="0" timestamp="2021-11-07T17:07:12 EET" skipped="0">
  <testcase classname="hovers.HoversTests" name="testHoverUser2" time="0.873"/>
  <system-out/>
  <testcase classname="hovers.HoversTests" name="testHoverUser1" time="0.975"/>
  <system-out/>
  <testcase classname="hovers.HoversTests" name="testHoverUser3" time="0.878"/>
  <system-out/>
</testsuite> <!-- hovers.HoversTests -->
