<?xml version="1.0" encoding="UTF-8"?>
<!-- Generated by org.testng.reporters.JUnitReportReporter -->
<testsuite hostname="EGDM1-Amounir" failures="0" tests="1" name="login.LoginTests" time="1.951" errors="0" timestamp="2021-11-08T11:28:22 GMT+02:00" skipped="0">
  <testcase classname="login.LoginTests" name="testSuccessfulLogin" time="1.951"/>
  <system-out/>
</testsuite> <!-- login.LoginTests -->
