<?xml version="1.0" encoding="UTF-8"?>
<!-- Generated by org.testng.reporters.JUnitReportReporter -->
<testsuite hostname="DM" failures="0" tests="1" name="keyPress.HorizontalTests" time="1.175" errors="0" timestamp="2021-11-07T17:07:12 EET" skipped="0">
  <testcase classname="keyPress.HorizontalTests" name="testSuccessfullMoveOnSlider" time="1.175"/>
  <system-out/>
</testsuite> <!-- keyPress.HorizontalTests -->
