<?xml version="1.0" encoding="UTF-8"?>
<!-- Generated by org.testng.reporters.JUnitReportReporter -->
<testsuite hostname="DM" failures="0" tests="3" name="dropdown.DropdownTests" time="2.123" errors="0" timestamp="2021-11-02T13:32:21 EET" skipped="0">
  <testcase classname="dropdown.DropdownTests" name="testSelectedOption" time="0.723"/>
  <system-out/>
  <testcase classname="dropdown.DropdownTests" name="testAllOptions" time="0.751"/>
  <system-out/>
  <testcase classname="dropdown.DropdownTests" name="testFirstSelectedOption" time="0.649"/>
  <system-out/>
</testsuite> <!-- dropdown.DropdownTests -->
