<?xml version="1.0" encoding="UTF-8"?>
<!-- Generated by org.testng.reporters.JUnitReportReporter -->
<testsuite hostname="DM" failures="0" tests="1" name="frames.FramesTests" time="2.358" errors="0" timestamp="2021-10-27T01:16:45 EET" skipped="0">
  <testcase classname="frames.FramesTests" name="TestTextAreaEditor" time="2.358"/>
  <system-out/>
</testsuite> <!-- frames.FramesTests -->
