<?xml version="1.0" encoding="UTF-8"?>
<!-- Generated by org.testng.reporters.JUnitReportReporter -->
<testsuite hostname="DM" failures="0" tests="5" name="alerts.JSAlertTests" time="2.911" errors="0" timestamp="2021-11-02T13:41:44 EET" skipped="0">
  <testcase classname="alerts.JSAlertTests" name="testAcceptAlert" time="0.621"/>
  <system-out/>
  <testcase classname="alerts.JSAlertTests" name="testtyppingInPromptAndCancel" time="0.599"/>
  <system-out/>
  <testcase classname="alerts.JSAlertTests" name="testCancelConfirmAlert" time="0.550"/>
  <system-out/>
  <testcase classname="alerts.JSAlertTests" name="testtyppingInPromptAndOK" time="0.588"/>
  <system-out/>
  <testcase classname="alerts.JSAlertTests" name="testOKConfirmAlert" time="0.553"/>
  <system-out/>
</testsuite> <!-- alerts.JSAlertTests -->
