<?xml version="1.0" encoding="UTF-8"?>
<!-- Generated by org.testng.reporters.JUnitReportReporter -->
<testsuite hostname="DM" failures="0" tests="3" name="hovers.HoversTests" time="16.139" errors="0" timestamp="2021-10-22T21:46:46 EET" skipped="0">
  <testcase classname="hovers.HoversTests" name="testHoverUser1" time="6.206"/>
  <system-out/>
  <testcase classname="hovers.HoversTests" name="testHoverUser2" time="4.829"/>
  <system-out/>
  <testcase classname="hovers.HoversTests" name="testHoverUser3" time="5.104"/>
  <system-out/>
</testsuite> <!-- hovers.HoversTests -->
