<?xml version="1.0" encoding="UTF-8"?>
<!-- Generated by org.testng.reporters.JUnitReportReporter -->
<testsuite hostname="DM" failures="0" tests="1" name="alerts.FileUploadTests" time="2.210" errors="0" timestamp="2021-10-25T09:36:39 EET" skipped="0">
  <testcase classname="alerts.FileUploadTests" name="testSuccessflUploadFile" time="2.210"/>
  <system-out/>
</testsuite> <!-- alerts.FileUploadTests -->
