<?xml version="1.0" encoding="UTF-8"?>
<!-- Generated by org.testng.reporters.JUnitReportReporter -->
<testsuite hostname="DM" failures="0" tests="2" name="keyPress.KeyPressTests" time="1.538" errors="0" timestamp="2021-11-07T17:07:12 EET" skipped="0">
  <testcase classname="keyPress.KeyPressTests" name="testBackSpace" time="1.008"/>
  <system-out/>
  <testcase classname="keyPress.KeyPressTests" name="testPi" time="0.530"/>
  <system-out/>
</testsuite> <!-- keyPress.KeyPressTests -->
