<?xml version="1.0" encoding="UTF-8"?>
<!-- Generated by org.testng.reporters.JUnitReportReporter -->
<testsuite hostname="DM" failures="0" tests="4" name="login.LoginTests" time="23.581" errors="0" timestamp="2021-10-13T14:02:09 EET" skipped="0">
  <testcase classname="login.LoginTests" name="testCantLoginWithWrogUsername" time="6.102"/>
  <system-out/>
  <testcase classname="login.LoginTests" name="testSuccessfulLogin" time="6.090"/>
  <system-out/>
  <testcase classname="login.LoginTests" name="testCantLoginWithoutUserNameAndPassword" time="5.897"/>
  <system-out/>
  <testcase classname="login.LoginTests" name="testCantLoginWithWrongPassword" time="5.492"/>
  <system-out/>
</testsuite> <!-- login.LoginTests -->
