<?xml version="1.0" encoding="UTF-8"?>
<!-- Generated by org.testng.reporters.JUnitReportReporter -->
<testsuite hostname="EGDM1-Amounir" failures="0" tests="4" name="login.LoginTests" time="5.069" errors="0" timestamp="2021-11-07T17:54:21 GMT+02:00" skipped="0">
  <testcase classname="login.LoginTests" name="testCantLoginWithWrongPassword" time="1.271"/>
  <system-out/>
  <testcase classname="login.LoginTests" name="testCantLoginWithoutUserNameAndPassword" time="0.962"/>
  <system-out/>
  <testcase classname="login.LoginTests" name="testCantLoginWithWrogUsername" time="1.779"/>
  <system-out/>
  <testcase classname="login.LoginTests" name="testSuccessfulLogin" time="1.057"/>
  <system-out/>
</testsuite> <!-- login.LoginTests -->
