<?xml version="1.0" encoding="UTF-8"?>
<!-- Generated by org.testng.reporters.JUnitReportReporter -->
<testsuite hostname="EGDM1-Amounir" failures="0" tests="1" name="alerts.EntryAdTests" time="0.647" errors="0" timestamp="2021-11-07T17:54:21 GMT+02:00" skipped="0">
  <testcase classname="alerts.EntryAdTests" name="testClickOnClose" time="0.647"/>
  <system-out/>
</testsuite> <!-- alerts.EntryAdTests -->
