<?xml version="1.0" encoding="UTF-8"?>
<!-- Generated by org.testng.reporters.JUnitReportReporter -->
<testsuite hostname="EGDM1-Amounir" failures="0" tests="3" name="dropdown.DropdownTests" time="5.499" errors="0" timestamp="2021-11-07T17:54:21 GMT+02:00" skipped="0">
  <testcase classname="dropdown.DropdownTests" name="testFirstSelectedOption" time="0.980"/>
  <system-out/>
  <testcase classname="dropdown.DropdownTests" name="testAllOptions" time="3.160"/>
  <system-out/>
  <testcase classname="dropdown.DropdownTests" name="testSelectedOption" time="1.359"/>
  <system-out/>
</testsuite> <!-- dropdown.DropdownTests -->
