<?xml version="1.0" encoding="UTF-8"?>
<!-- Generated by org.testng.reporters.JUnitReportReporter -->
<testsuite hostname="DM" failures="0" tests="1" name="waits.WaitTests" time="5.865" errors="0" timestamp="2021-10-30T19:35:32 EET" skipped="0">
  <testcase classname="waits.WaitTests" name="testDynamicLoadingExample2" time="5.865"/>
  <system-out/>
</testsuite> <!-- waits.WaitTests -->
